<?xml version="1.0" encoding="UTF-8"?>
<testng-results ignored="0" total="1" passed="1" failed="0" skipped="0">
  <reporter-output>
  </reporter-output>
  <suite started-at="2021-03-17T23:14:48 SGT" name="Surefire suite" finished-at="2021-03-17T23:14:48 SGT" duration-ms="30">
    <groups>
    </groups>
    <test started-at="2021-03-17T23:14:48 SGT" name="Surefire test" finished-at="2021-03-17T23:14:48 SGT" duration-ms="30">
      <class name="Emapta.Exam.EmaptaExamTest">
        <test-method signature="exam()[pri:0, instance:Emapta.Exam.EmaptaExamTest@1ee807c6]" started-at="2021-03-17T23:14:48 SGT" name="exam" finished-at="2021-03-17T23:14:48 SGT" duration-ms="4" status="PASS">
          <reporter-output>
          </reporter-output>
        </test-method> <!-- exam -->
      </class> <!-- Emapta.Exam.EmaptaExamTest -->
    </test> <!-- Surefire test -->
  </suite> <!-- Surefire suite -->
</testng-results>
