<?xml version="1.0" encoding="UTF-8"?>
<testng-results ignored="0" total="1" passed="1" failed="0" skipped="0">
  <reporter-output>
  </reporter-output>
  <suite started-at="2021-03-18T12:49:55 SGT" name="Default suite" finished-at="2021-03-18T12:50:27 SGT" duration-ms="31729">
    <groups>
    </groups>
    <test started-at="2021-03-18T12:49:55 SGT" name="Default test" finished-at="2021-03-18T12:50:27 SGT" duration-ms="31729">
      <class name="Emapta.Exam.Page">
        <test-method signature="PageTest()[pri:0, instance:Emapta.Exam.Page@186f8716]" started-at="2021-03-18T12:49:55 SGT" name="PageTest" finished-at="2021-03-18T12:50:27 SGT" duration-ms="31690" status="PASS">
          <reporter-output>
          </reporter-output>
        </test-method> <!-- PageTest -->
      </class> <!-- Emapta.Exam.Page -->
    </test> <!-- Default test -->
  </suite> <!-- Default suite -->
</testng-results>
